Using pre-set license
Built from '2021.1/staging' branch; Version is '2021.1.17f1 (03b40fe07a36) revision 242703'; Using compiler version '192528614'; Build Type 'Release'
OS: 'Windows 10 Education; OS build 19042.1415; Version 2009; 64bit' Language: 'en' Physical Memory: 16289 MB
BatchMode: 1, IsHumanControllingUs: 0, StartBugReporterOnCrash: 0, Is64bit: 1, IsPro: 0

 COMMAND LINE ARGUMENTS:
C:\Program Files\Unity 2021.1.17f1\Editor\Unity.exe
-adb2
-batchMode
-noUpm
-name
AssetImportWorker0
-projectPath
D:/Users/Pete/RotR/Rise of the Rhubarbarian/RotR-Taster
-logFile
Logs/AssetImportWorker0.log
-srvPort
54105
Successfully changed project path to: D:/Users/Pete/RotR/Rise of the Rhubarbarian/RotR-Taster
D:/Users/Pete/RotR/Rise of the Rhubarbarian/RotR-Taster
Using Asset Import Pipeline V2.
Refreshing native plugins compatible for Editor in 74.17 ms, found 3 plugins.
Preloading 0 native plugins for Editor in 0.00 ms.
Initialize engine version: 2021.1.17f1 (03b40fe07a36)
[Subsystems] Discovering subsystems at path C:/Program Files/Unity 2021.1.17f1/Editor/Data/Resources/UnitySubsystems
[Subsystems] Discovering subsystems at path D:/Users/Pete/RotR/Rise of the Rhubarbarian/RotR-Taster/Assets
GfxDevice: creating device client; threaded=0; jobified=0
Direct3D:
    Version:  Direct3D 11.0 [level 11.0]
    Renderer: NVIDIA Quadro K4200 (ID=0x11b4)
    Vendor:   NVIDIA
    VRAM:     4052 MB
    Driver:   27.21.14.6296
Initialize mono
Mono path[0] = 'C:/Program Files/Unity 2021.1.17f1/Editor/Data/Managed'
Mono path[1] = 'C:/Program Files/Unity 2021.1.17f1/Editor/Data/MonoBleedingEdge/lib/mono/unityjit'
Mono config path = 'C:/Program Files/Unity 2021.1.17f1/Editor/Data/MonoBleedingEdge/etc'
Using monoOptions --debugger-agent=transport=dt_socket,embedding=1,server=y,suspend=n,address=127.0.0.1:56352
Begin MonoManager ReloadAssembly
Registering precompiled unity dll's ...
Register platform support module: C:/Program Files/Unity 2021.1.17f1/Editor/Data/PlaybackEngines/WebGLSupport/UnityEditor.WebGL.Extensions.dll
Register platform support module: C:/Program Files/Unity 2021.1.17f1/Editor/Data/PlaybackEngines/MacStandaloneSupport/UnityEditor.OSXStandalone.Extensions.dll
Register platform support module: C:/Program Files/Unity 2021.1.17f1/Editor/Data/PlaybackEngines/WindowsStandaloneSupport/UnityEditor.WindowsStandalone.Extensions.dll
Register platform support module: C:/Program Files/Unity 2021.1.17f1/Editor/Data/PlaybackEngines/LinuxStandaloneSupport/UnityEditor.LinuxStandalone.Extensions.dll
Register platform support module: C:/Program Files/Unity 2021.1.17f1/Editor/Data/PlaybackEngines/LuminSupport/UnityEditor.Lumin.Extensions.dll
Registered in 0.003418 seconds.
Native extension for Lumin target not found
Native extension for LinuxStandalone target not found
Native extension for WindowsStandalone target not found
Native extension for OSXStandalone target not found
Native extension for WebGL target not found
Refreshing native plugins compatible for Editor in 78.38 ms, found 3 plugins.
Preloading 0 native plugins for Editor in 0.00 ms.
Mono: successfully reloaded assembly
- Completed reload, in  1.941 seconds
Domain Reload Profiling:
	ReloadAssembly (1942ms)
		BeginReloadAssembly (60ms)
			ExecutionOrderSort (0ms)
			DisableScriptedObjects (0ms)
			BackupInstance (0ms)
			ReleaseScriptingObjects (0ms)
			CreateAndSetChildDomain (1ms)
		EndReloadAssembly (428ms)
			LoadAssemblies (58ms)
			RebuildTransferFunctionScriptingTraits (0ms)
			SetupTypeCache (155ms)
			ReleaseScriptCaches (0ms)
			RebuildScriptCaches (24ms)
			SetupLoadedEditorAssemblies (206ms)
				LogAssemblyErrors (0ms)
				InitializePlatformSupportModulesInManaged (8ms)
				SetLoadedEditorAssemblies (0ms)
				RefreshPlugins (78ms)
				BeforeProcessingInitializeOnLoad (1ms)
				ProcessInitializeOnLoadAttributes (91ms)
				ProcessInitializeOnLoadMethodAttributes (27ms)
				AfterProcessingInitializeOnLoad (0ms)
				EditorAssembliesLoaded (0ms)
			ExecutionOrderSort2 (0ms)
			AwakeInstancesAfterBackupRestoration (0ms)
Platform modules already initialized, skipping
Registering precompiled user dll's ...
Registered in 0.004674 seconds.
Begin MonoManager ReloadAssembly
Symbol file LoadedFromMemory doesn't match image D:\Users\Pete\RotR\Rise of the Rhubarbarian\RotR-Taster\Library\PackageCache\com.unity.visualscripting@1.6.1\Editor\VisualScripting.Core\Dependencies\YamlDotNet\Unity.VisualScripting.YamlDotNet.dll
Symbol file LoadedFromMemory doesn't match image D:\Users\Pete\RotR\Rise of the Rhubarbarian\RotR-Taster\Library\PackageCache\com.unity.visualscripting@1.6.1\Editor\VisualScripting.Core\Dependencies\DotNetZip\Unity.VisualScripting.IonicZip.dll
Native extension for Lumin target not found
Native extension for LinuxStandalone target not found
Native extension for WindowsStandalone target not found
Native extension for OSXStandalone target not found
Native extension for WebGL target not found
Refreshing native plugins compatible for Editor in 0.69 ms, found 3 plugins.
Preloading 0 native plugins for Editor in 0.00 ms.
Mono: successfully reloaded assembly
- Completed reload, in  1.282 seconds
Domain Reload Profiling:
	ReloadAssembly (1283ms)
		BeginReloadAssembly (148ms)
			ExecutionOrderSort (0ms)
			DisableScriptedObjects (4ms)
			BackupInstance (0ms)
			ReleaseScriptingObjects (0ms)
			CreateAndSetChildDomain (24ms)
		EndReloadAssembly (1078ms)
			LoadAssemblies (85ms)
			RebuildTransferFunctionScriptingTraits (0ms)
			SetupTypeCache (334ms)
			ReleaseScriptCaches (1ms)
			RebuildScriptCaches (44ms)
			SetupLoadedEditorAssemblies (536ms)
				LogAssemblyErrors (0ms)
				InitializePlatformSupportModulesInManaged (8ms)
				SetLoadedEditorAssemblies (0ms)
				RefreshPlugins (1ms)
				BeforeProcessingInitializeOnLoad (57ms)
				ProcessInitializeOnLoadAttributes (458ms)
				ProcessInitializeOnLoadMethodAttributes (5ms)
				AfterProcessingInitializeOnLoad (6ms)
				EditorAssembliesLoaded (0ms)
			ExecutionOrderSort2 (0ms)
			AwakeInstancesAfterBackupRestoration (6ms)
Platform modules already initialized, skipping
========================================================================
Worker process is ready to serve import requests
Launched and connected shader compiler UnityShaderCompiler.exe after 0.07 seconds
Refreshing native plugins compatible for Editor in 0.89 ms, found 3 plugins.
Preloading 0 native plugins for Editor in 0.00 ms.
Unloading 3016 Unused Serialized files (Serialized files now loaded: 0)
System memory in use before: 111.6 MB.
System memory in use after: 111.8 MB.

Unloading 33 unused Assets to reduce memory usage. Loaded Objects now: 3454.
Total: 4.543400 ms (FindLiveObjects: 0.321800 ms CreateObjectMapping: 0.115800 ms MarkObjects: 4.022700 ms  DeleteObjects: 0.081800 ms)

AssetImportParameters requested are different than current active one (requested -> active):
  custom:framework-win-MediaFoundation: 216162199b28c13a410421893ffa2e32 -> 
  custom:video-decoder-ogg-theora: a1e56fd34408186e4bbccfd4996cb3dc -> 
  custom:container-muxer-webm: aa71ff27fc2769a1b78a27578f13a17b -> 
  custom:container-demuxer-webm: 4f35f7cbe854078d1ac9338744f61a02 -> 
  custom:container-demuxer-ogg: 62fdf1f143b41e24485cea50d1cbac27 -> 
  custom:video-encoder-webm-vp8: eb34c28f22e8b96e1ab97ce403110664 -> 
  custom:video-decoder-webm-vp8: 9c59270c3fd7afecdb556c50c9e8de78 -> 
  custom:audio-decoder-ogg-vorbis: bf7c407c2cedff20999df2af8eb42d56 -> 
  custom:audio-encoder-webm-vorbis: bf7c407c2cedff20999df2af8eb42d56 -> 
========================================================================
Received Prepare
Registering precompiled user dll's ...
Registered in 0.004150 seconds.
Begin MonoManager ReloadAssembly
Symbol file LoadedFromMemory doesn't match image D:\Users\Pete\RotR\Rise of the Rhubarbarian\RotR-Taster\Library\PackageCache\com.unity.visualscripting@1.6.1\Editor\VisualScripting.Core\Dependencies\YamlDotNet\Unity.VisualScripting.YamlDotNet.dll
Symbol file LoadedFromMemory doesn't match image D:\Users\Pete\RotR\Rise of the Rhubarbarian\RotR-Taster\Library\PackageCache\com.unity.visualscripting@1.6.1\Editor\VisualScripting.Core\Dependencies\DotNetZip\Unity.VisualScripting.IonicZip.dll
Native extension for Lumin target not found
Native extension for LinuxStandalone target not found
Native extension for WindowsStandalone target not found
Native extension for OSXStandalone target not found
Native extension for WebGL target not found
Refreshing native plugins compatible for Editor in 0.63 ms, found 3 plugins.
Preloading 0 native plugins for Editor in 0.00 ms.
Mono: successfully reloaded assembly
- Completed reload, in  1.238 seconds
Domain Reload Profiling:
	ReloadAssembly (1238ms)
		BeginReloadAssembly (137ms)
			ExecutionOrderSort (0ms)
			DisableScriptedObjects (3ms)
			BackupInstance (0ms)
			ReleaseScriptingObjects (0ms)
			CreateAndSetChildDomain (39ms)
		EndReloadAssembly (1047ms)
			LoadAssemblies (90ms)
			RebuildTransferFunctionScriptingTraits (0ms)
			SetupTypeCache (336ms)
			ReleaseScriptCaches (1ms)
			RebuildScriptCaches (38ms)
			SetupLoadedEditorAssemblies (504ms)
				LogAssemblyErrors (0ms)
				InitializePlatformSupportModulesInManaged (8ms)
				SetLoadedEditorAssemblies (0ms)
				RefreshPlugins (1ms)
				BeforeProcessingInitializeOnLoad (45ms)
				ProcessInitializeOnLoadAttributes (440ms)
				ProcessInitializeOnLoadMethodAttributes (4ms)
				AfterProcessingInitializeOnLoad (6ms)
				EditorAssembliesLoaded (0ms)
			ExecutionOrderSort2 (0ms)
			AwakeInstancesAfterBackupRestoration (7ms)
Platform modules already initialized, skipping
Refreshing native plugins compatible for Editor in 0.64 ms, found 3 plugins.
Preloading 0 native plugins for Editor in 0.00 ms.
Unloading 2993 Unused Serialized files (Serialized files now loaded: 0)
System memory in use before: 110.9 MB.
System memory in use after: 111.1 MB.

Unloading 17 unused Assets to reduce memory usage. Loaded Objects now: 3457.
Total: 4.087000 ms (FindLiveObjects: 0.316600 ms CreateObjectMapping: 0.245300 ms MarkObjects: 3.485500 ms  DeleteObjects: 0.038600 ms)

AssetImportParameters requested are different than current active one (requested -> active):
  custom:framework-win-MediaFoundation: 216162199b28c13a410421893ffa2e32 -> 
  custom:video-decoder-ogg-theora: a1e56fd34408186e4bbccfd4996cb3dc -> 
  custom:container-muxer-webm: aa71ff27fc2769a1b78a27578f13a17b -> 
  custom:container-demuxer-webm: 4f35f7cbe854078d1ac9338744f61a02 -> 
  custom:container-demuxer-ogg: 62fdf1f143b41e24485cea50d1cbac27 -> 
  custom:video-encoder-webm-vp8: eb34c28f22e8b96e1ab97ce403110664 -> 
  custom:video-decoder-webm-vp8: 9c59270c3fd7afecdb556c50c9e8de78 -> 
  custom:audio-decoder-ogg-vorbis: bf7c407c2cedff20999df2af8eb42d56 -> 
  custom:audio-encoder-webm-vorbis: bf7c407c2cedff20999df2af8eb42d56 -> 
========================================================================
Received Import Request.
  path: Assets/Assets/RockyRyder.ttf
  artifactKey: Guid(010be825555ff8247b9eb74bdb70be60) Importer(815301076,1909f56bfc062723c751e8b465ee728b)
Start importing Assets/Assets/RockyRyder.ttf using Guid(010be825555ff8247b9eb74bdb70be60) Importer(815301076,1909f56bfc062723c751e8b465ee728b)  -> (artifact id: 'e740d20a6608f481e2926b36d2324325') in 0.141135 seconds 
========================================================================
Received Import Request.
  Time since last request: 18.642411 seconds.
  path: Assets/Scenes
  artifactKey: Guid(ba665661949dbff48b183bec19fc3709) Importer(815301076,1909f56bfc062723c751e8b465ee728b)
Start importing Assets/Scenes using Guid(ba665661949dbff48b183bec19fc3709) Importer(815301076,1909f56bfc062723c751e8b465ee728b)  -> (artifact id: '8c1ce3b87a6e2d6087d904ec5e9ba5c5') in 0.651624 seconds 
========================================================================
Received Import Request.
  Time since last request: 0.544538 seconds.
  path: Assets/Scenes/RenameMeBeforeYouStart.unity
  artifactKey: Guid(9b074018b0655204195b2eeadf46f172) Importer(815301076,1909f56bfc062723c751e8b465ee728b)
Start importing Assets/Scenes/RenameMeBeforeYouStart.unity using Guid(9b074018b0655204195b2eeadf46f172) Importer(815301076,1909f56bfc062723c751e8b465ee728b)  -> (artifact id: 'c0788c4b46ee937ed667e421178e364f') in 0.006550 seconds 
========================================================================
Received Import Request.
  Time since last request: 8.220305 seconds.
  path: Assets/Assets
  artifactKey: Guid(19d6c1fd75513e94eb57451531a44430) Importer(815301076,1909f56bfc062723c751e8b465ee728b)
Start importing Assets/Assets using Guid(19d6c1fd75513e94eb57451531a44430) Importer(815301076,1909f56bfc062723c751e8b465ee728b)  -> (artifact id: 'b518d28479238bfe0b6c9dee6e6a385a') in 0.005922 seconds 
========================================================================
Received Import Request.
  Time since last request: 0.452807 seconds.
  path: Assets/Assets/Characters
  artifactKey: Guid(1c0f4e3c0c784cd42a2ad016c1c25995) Importer(815301076,1909f56bfc062723c751e8b465ee728b)
Start importing Assets/Assets/Characters using Guid(1c0f4e3c0c784cd42a2ad016c1c25995) Importer(815301076,1909f56bfc062723c751e8b465ee728b)  -> (artifact id: '0f8cb3680b70c36695d88b12e4dd5ffe') in 0.005791 seconds 
========================================================================
Received Import Request.
  Time since last request: 0.348812 seconds.
  path: Assets/Assets/Characters/Player
  artifactKey: Guid(732002e8a8b386c44be143b99cb6d5e5) Importer(815301076,1909f56bfc062723c751e8b465ee728b)
Start importing Assets/Assets/Characters/Player using Guid(732002e8a8b386c44be143b99cb6d5e5) Importer(815301076,1909f56bfc062723c751e8b465ee728b)  -> (artifact id: 'f1d2fe6ba831bc6498fc76406282d79c') in 0.005567 seconds 
========================================================================
Received Import Request.
  Time since last request: 0.275843 seconds.
  path: Assets/Assets/Characters/Player/Controller
  artifactKey: Guid(d1c2dcef20aed26418826d91b7bb134a) Importer(815301076,1909f56bfc062723c751e8b465ee728b)
Start importing Assets/Assets/Characters/Player/Controller using Guid(d1c2dcef20aed26418826d91b7bb134a) Importer(815301076,1909f56bfc062723c751e8b465ee728b)  -> (artifact id: '286e1e7671ea04976f86df82e2aeb2c1') in 0.005855 seconds 
========================================================================
Received Import Request.
  Time since last request: 0.268601 seconds.
  path: Assets/Assets/Characters/Player/Controller/Prefabs
  artifactKey: Guid(80e1d41b6d1eeb841a0a2b12c104288c) Importer(815301076,1909f56bfc062723c751e8b465ee728b)
Start importing Assets/Assets/Characters/Player/Controller/Prefabs using Guid(80e1d41b6d1eeb841a0a2b12c104288c) Importer(815301076,1909f56bfc062723c751e8b465ee728b)  -> (artifact id: '9ca2704acf344cba9f295e3322246dd6') in 0.005714 seconds 
========================================================================
Received Import Request.
  Time since last request: 0.277166 seconds.
  path: Assets/Assets/Characters/Player/Controller/Prefabs/Controller
  artifactKey: Guid(e3bd5b218bc3ae04a989bdbbc359dde5) Importer(815301076,1909f56bfc062723c751e8b465ee728b)
Start importing Assets/Assets/Characters/Player/Controller/Prefabs/Controller using Guid(e3bd5b218bc3ae04a989bdbbc359dde5) Importer(815301076,1909f56bfc062723c751e8b465ee728b)  -> (artifact id: '3c3e2449233c8c116787139e4346e861') in 0.001920 seconds 
========================================================================
Received Import Request.
  Time since last request: 0.577115 seconds.
  path: Assets/Assets/Characters/Player/Controller/Prefabs/Controller/Animated
  artifactKey: Guid(2901a74081c5ad045abfac6ae4f3608a) Importer(815301076,1909f56bfc062723c751e8b465ee728b)
Start importing Assets/Assets/Characters/Player/Controller/Prefabs/Controller/Animated using Guid(2901a74081c5ad045abfac6ae4f3608a) Importer(815301076,1909f56bfc062723c751e8b465ee728b)  -> (artifact id: 'e526df863248984ace9a5a83f97a837a') in 0.005689 seconds 
========================================================================
Received Import Request.
  Time since last request: 0.169026 seconds.
  path: Assets/Assets/Characters/Player/Controller/Prefabs/Controller/Animated/Player.prefab
  artifactKey: Guid(3914f0cdfe0e9574fb79da97e725600f) Importer(815301076,1909f56bfc062723c751e8b465ee728b)
Start importing Assets/Assets/Characters/Player/Controller/Prefabs/Controller/Animated/Player.prefab using Guid(3914f0cdfe0e9574fb79da97e725600f) Importer(815301076,1909f56bfc062723c751e8b465ee728b)  -> (artifact id: 'd658298b75da5390b7c074c46a6151f0') in 0.276021 seconds 
AssetImportWorkerClient::OnTransportError - code=2 error=End of file
